0 info it worked if it ends with ok
1 verbose cli [ '/usr/local/bin/node',
1 verbose cli   '/usr/local/bin/npm',
1 verbose cli   'owner',
1 verbose cli   'ls',
1 verbose cli   'fastline' ]
2 info using npm@3.8.1
3 info using node@v4.3.1
4 silly mapToRegistry name fastline
5 silly mapToRegistry using default registry
6 silly mapToRegistry registry https://registry.npmjs.org/
7 silly mapToRegistry uri https://registry.npmjs.org/fastline
8 verbose request uri https://registry.npmjs.org/fastline
9 verbose request no auth needed
10 info attempt registry request try #1 at 11:43:57 PM
11 verbose request id a1d3200468b119f0
12 http request GET https://registry.npmjs.org/fastline
13 http 404 https://registry.npmjs.org/fastline
14 verbose headers { 'content-type': 'application/json',
14 verbose headers   'cache-control': 'max-age=0',
14 verbose headers   'content-length': '2',
14 verbose headers   'accept-ranges': 'bytes',
14 verbose headers   date: 'Wed, 06 Apr 2016 03:43:56 GMT',
14 verbose headers   via: '1.1 varnish',
14 verbose headers   age: '0',
14 verbose headers   connection: 'keep-alive',
14 verbose headers   'x-served-by': 'cache-dfw1837-DFW',
14 verbose headers   'x-cache': 'MISS',
14 verbose headers   'x-cache-hits': '0',
14 verbose headers   'x-timer': 'S1459914236.161058,VS0,VE184',
14 verbose headers   vary: 'Accept-Encoding' }
15 silly get cb [ 404,
15 silly get   { 'content-type': 'application/json',
15 silly get     'cache-control': 'max-age=0',
15 silly get     'content-length': '2',
15 silly get     'accept-ranges': 'bytes',
15 silly get     date: 'Wed, 06 Apr 2016 03:43:56 GMT',
15 silly get     via: '1.1 varnish',
15 silly get     age: '0',
15 silly get     connection: 'keep-alive',
15 silly get     'x-served-by': 'cache-dfw1837-DFW',
15 silly get     'x-cache': 'MISS',
15 silly get     'x-cache-hits': '0',
15 silly get     'x-timer': 'S1459914236.161058,VS0,VE184',
15 silly get     vary: 'Accept-Encoding' } ]
16 error owner ls Couldn't get owner data fastline
17 verbose stack Error: Registry returned 404 for GET on https://registry.npmjs.org/fastline
17 verbose stack     at makeError (/usr/local/lib/node_modules/npm/node_modules/npm-registry-client/lib/request.js:264:12)
17 verbose stack     at CachingRegistryClient.<anonymous> (/usr/local/lib/node_modules/npm/node_modules/npm-registry-client/lib/request.js:242:14)
17 verbose stack     at Request._callback (/usr/local/lib/node_modules/npm/node_modules/npm-registry-client/lib/request.js:172:14)
17 verbose stack     at Request.self.callback (/usr/local/lib/node_modules/npm/node_modules/request/request.js:199:22)
17 verbose stack     at emitTwo (events.js:87:13)
17 verbose stack     at Request.emit (events.js:172:7)
17 verbose stack     at Request.<anonymous> (/usr/local/lib/node_modules/npm/node_modules/request/request.js:1036:10)
17 verbose stack     at emitOne (events.js:82:20)
17 verbose stack     at Request.emit (events.js:169:7)
17 verbose stack     at IncomingMessage.<anonymous> (/usr/local/lib/node_modules/npm/node_modules/request/request.js:963:12)
18 verbose statusCode 404
19 verbose pkgid fastline
20 verbose cwd /Users/chris/Documents/FastLine
21 error Darwin 13.4.0
22 error argv "/usr/local/bin/node" "/usr/local/bin/npm" "owner" "ls" "fastline"
23 error node v4.3.1
24 error npm  v3.8.1
25 error code E404
26 error 404 Registry returned 404 for GET on https://registry.npmjs.org/fastline
27 error 404
28 error 404 'fastline' is not in the npm registry.
29 error 404 You should bug the author to publish it (or use the name yourself!)
30 error 404 Note that you can also install from a
31 error 404 tarball, folder, http url, or git url.
32 verbose exit [ 1, true ]
